2025-07-29 18:05:50 [main] ERROR o.s.b.d.LoggingFailureAnalysisReporter - 

***************************
APPLICATION FAILED TO START
***************************

Description:

Failed to bind properties under 'logging.level.com.payroll.employeeservice' to org.springframework.boot.logging.LogLevel:

    Property: logging.level.com.payroll.employeeservice
    Value: "DEBUG  # Enable debug for your own package"
    Origin: class path resource [application.properties] - 37:43
    Reason: failed to convert java.lang.String to org.springframework.boot.logging.LogLevel (caused by java.lang.IllegalArgumentException: No enum constant org.springframework.boot.logging.LogLevel.DEBUG  # Enable debug for your own package)

Action:

Update your application's configuration. The following values are valid:

    DEBUG
    ERROR
    FATAL
    INFO
    OFF
    TRACE
    WARN

2025-07-29 18:08:21 [main] INFO  c.p.e.EmployeeServiceApplication - Starting EmployeeServiceApplication using Java 17.0.15 on ArnavPc with PID 12844 (C:\JavaProject\SpringProject\employee-service\target\classes started by Arnav Singh in C:\JavaProject\SpringProject\employee-service)
2025-07-29 18:08:21 [main] DEBUG c.p.e.EmployeeServiceApplication - Running with Spring Boot v2.7.18, Spring v5.3.31
2025-07-29 18:08:21 [main] INFO  c.p.e.EmployeeServiceApplication - No active profile set, falling back to 1 default profile: "default"
2025-07-29 18:08:22 [main] INFO  o.s.d.r.c.RepositoryConfigurationDelegate - Bootstrapping Spring Data JPA repositories in DEFAULT mode.
2025-07-29 18:08:22 [main] INFO  o.s.d.r.c.RepositoryConfigurationDelegate - Finished Spring Data repository scanning in 117 ms. Found 1 JPA repository interfaces.
2025-07-29 18:08:22 [main] INFO  o.s.cloud.context.scope.GenericScope - BeanFactory id=40960776-ece5-3d32-b0a7-d1b160420fdd
2025-07-29 18:08:23 [main] INFO  o.s.b.w.e.tomcat.TomcatWebServer - Tomcat initialized with port(s): 8081 (http)
2025-07-29 18:08:23 [main] INFO  o.a.catalina.core.StandardService - Starting service [Tomcat]
2025-07-29 18:08:23 [main] INFO  o.a.catalina.core.StandardEngine - Starting Servlet engine: [Apache Tomcat/9.0.83]
2025-07-29 18:08:23 [main] INFO  o.a.c.c.C.[Tomcat].[localhost].[/] - Initializing Spring embedded WebApplicationContext
2025-07-29 18:08:23 [main] INFO  o.s.b.w.s.c.ServletWebServerApplicationContext - Root WebApplicationContext: initialization completed in 1392 ms
2025-07-29 18:08:23 [main] INFO  com.zaxxer.hikari.HikariDataSource - OracleHikariCP - Starting...
2025-07-29 18:08:23 [main] INFO  com.zaxxer.hikari.HikariDataSource - OracleHikariCP - Start completed.
2025-07-29 18:08:23 [main] INFO  o.h.jpa.internal.util.LogHelper - HHH000204: Processing PersistenceUnitInfo [name: default]
2025-07-29 18:08:23 [main] INFO  org.hibernate.Version - HHH000412: Hibernate ORM core version 5.6.15.Final
2025-07-29 18:08:24 [main] INFO  o.h.annotations.common.Version - HCANN000001: Hibernate Commons Annotations {5.1.2.Final}
2025-07-29 18:08:24 [main] INFO  org.hibernate.dialect.Dialect - HHH000400: Using dialect: org.hibernate.dialect.OracleDialect
2025-07-29 18:08:24 [main] WARN  org.hibernate.dialect.Oracle9Dialect - HHH000063: The Oracle9Dialect dialect has been deprecated; use either Oracle9iDialect or Oracle10gDialect instead
2025-07-29 18:08:24 [main] WARN  org.hibernate.dialect.OracleDialect - HHH000064: The OracleDialect dialect has been deprecated; use Oracle8iDialect instead
2025-07-29 18:08:24 [main] INFO  o.h.e.t.j.p.i.JtaPlatformInitiator - HHH000490: Using JtaPlatform implementation: [org.hibernate.engine.transaction.jta.platform.internal.NoJtaPlatform]
2025-07-29 18:08:24 [main] INFO  o.s.o.j.LocalContainerEntityManagerFactoryBean - Initialized JPA EntityManagerFactory for persistence unit 'default'
2025-07-29 18:08:24 [main] WARN  o.s.b.a.o.j.JpaBaseConfiguration$JpaWebConfiguration - spring.jpa.open-in-view is enabled by default. Therefore, database queries may be performed during view rendering. Explicitly configure spring.jpa.open-in-view to disable this warning
2025-07-29 18:08:25 [main] INFO  o.s.c.n.e.c.DiscoveryClientOptionalArgsConfiguration - Eureka HTTP Client uses RestTemplate.
2025-07-29 18:08:25 [main] WARN  o.s.c.l.c.LoadBalancerCacheAutoConfiguration$LoadBalancerCaffeineWarnLogger - Spring Cloud LoadBalancer is currently working with the default cache. While this cache implementation is useful for development and tests, it's recommended to use Caffeine cache in production.You can switch to using Caffeine cache, by adding it and org.springframework.cache.caffeine.CaffeineCacheManager to the classpath.
2025-07-29 18:08:25 [main] INFO  o.s.c.n.eureka.InstanceInfoFactory - Setting initial instance status as: STARTING
2025-07-29 18:08:25 [main] INFO  c.netflix.discovery.DiscoveryClient - Initializing Eureka in region us-east-1
2025-07-29 18:08:25 [main] INFO  c.n.d.s.r.aws.ConfigClusterResolver - Resolving eureka endpoints via configuration
2025-07-29 18:08:25 [main] INFO  c.netflix.discovery.DiscoveryClient - Disable delta property : false
2025-07-29 18:08:25 [main] INFO  c.netflix.discovery.DiscoveryClient - Single vip registry refresh property : null
2025-07-29 18:08:25 [main] INFO  c.netflix.discovery.DiscoveryClient - Force full registry fetch : false
2025-07-29 18:08:25 [main] INFO  c.netflix.discovery.DiscoveryClient - Application is null : false
2025-07-29 18:08:25 [main] INFO  c.netflix.discovery.DiscoveryClient - Registered Applications size is zero : true
2025-07-29 18:08:25 [main] INFO  c.netflix.discovery.DiscoveryClient - Application version is -1: true
2025-07-29 18:08:25 [main] INFO  c.netflix.discovery.DiscoveryClient - Getting all instance registry info from the eureka server
2025-07-29 18:08:25 [main] INFO  c.netflix.discovery.DiscoveryClient - The response status is 200
2025-07-29 18:08:25 [main] INFO  c.netflix.discovery.DiscoveryClient - Starting heartbeat executor: renew interval is: 30
2025-07-29 18:08:25 [main] INFO  c.n.discovery.InstanceInfoReplicator - InstanceInfoReplicator onDemand update allowed rate per min is 4
2025-07-29 18:08:25 [main] INFO  c.netflix.discovery.DiscoveryClient - Discovery Client initialized at timestamp 1753783705889 with initial instances count: 1
2025-07-29 18:08:25 [main] INFO  o.s.c.n.e.s.EurekaServiceRegistry - Registering application EMPLOYEE-SERVICE with eureka with status UP
2025-07-29 18:08:25 [main] INFO  c.netflix.discovery.DiscoveryClient - Saw local status change event StatusChangeEvent [timestamp=1753783705892, current=UP, previous=STARTING]
2025-07-29 18:08:25 [DiscoveryClient-InstanceInfoReplicator-0] INFO  c.netflix.discovery.DiscoveryClient - DiscoveryClient_EMPLOYEE-SERVICE/host.docker.internal:employee-service:8081: registering service...
2025-07-29 18:08:25 [main] INFO  o.s.b.w.e.tomcat.TomcatWebServer - Tomcat started on port(s): 8081 (http) with context path ''
2025-07-29 18:08:25 [main] INFO  o.s.c.n.e.s.EurekaAutoServiceRegistration - Updating port to 8081
2025-07-29 18:08:25 [DiscoveryClient-InstanceInfoReplicator-0] INFO  c.netflix.discovery.DiscoveryClient - DiscoveryClient_EMPLOYEE-SERVICE/host.docker.internal:employee-service:8081 - registration status: 204
2025-07-29 18:08:26 [main] INFO  c.p.e.EmployeeServiceApplication - Started EmployeeServiceApplication in 4.603 seconds (JVM running for 4.966)
2025-07-29 18:08:40 [http-nio-8081-exec-1] INFO  o.a.c.c.C.[Tomcat].[localhost].[/] - Initializing Spring DispatcherServlet 'dispatcherServlet'
2025-07-29 18:08:40 [http-nio-8081-exec-1] INFO  o.s.web.servlet.DispatcherServlet - Initializing Servlet 'dispatcherServlet'
2025-07-29 18:08:40 [http-nio-8081-exec-1] INFO  o.s.web.servlet.DispatcherServlet - Completed initialization in 0 ms
2025-07-29 18:08:40 [http-nio-8081-exec-1] INFO  c.p.e.controller.HelloController - Receive request for id -6
2025-07-29 18:08:40 [http-nio-8081-exec-1] ERROR c.p.e.controller.HelloController - Invalid Id -6
2025-07-29 18:08:40 [http-nio-8081-exec-1] WARN  c.p.e.e.GlobalExceptionHandler - Resource not found: ID must be positive.
2025-07-29 18:08:40 [http-nio-8081-exec-1] WARN  c.p.e.e.GlobalExceptionHandler - Resource not found: ID must be positive.
2025-07-29 18:09:13 [http-nio-8081-exec-3] INFO  c.p.e.controller.HelloController - Receive request for id 5
2025-07-29 18:10:15 [SpringApplicationShutdownHook] INFO  o.s.c.n.e.s.EurekaServiceRegistry - Unregistering application EMPLOYEE-SERVICE with eureka with status DOWN
2025-07-29 18:10:15 [SpringApplicationShutdownHook] INFO  c.netflix.discovery.DiscoveryClient - Saw local status change event StatusChangeEvent [timestamp=1753783815866, current=DOWN, previous=UP]
2025-07-29 18:10:15 [DiscoveryClient-InstanceInfoReplicator-0] INFO  c.netflix.discovery.DiscoveryClient - DiscoveryClient_EMPLOYEE-SERVICE/host.docker.internal:employee-service:8081: registering service...
2025-07-29 18:10:15 [DiscoveryClient-InstanceInfoReplicator-0] INFO  c.netflix.discovery.DiscoveryClient - DiscoveryClient_EMPLOYEE-SERVICE/host.docker.internal:employee-service:8081 - registration status: 204
2025-07-29 18:10:15 [SpringApplicationShutdownHook] INFO  o.s.o.j.LocalContainerEntityManagerFactoryBean - Closing JPA EntityManagerFactory for persistence unit 'default'
2025-07-29 18:10:15 [SpringApplicationShutdownHook] INFO  com.zaxxer.hikari.HikariDataSource - OracleHikariCP - Shutdown initiated...
2025-07-29 18:10:15 [SpringApplicationShutdownHook] INFO  com.zaxxer.hikari.HikariDataSource - OracleHikariCP - Shutdown completed.
2025-07-29 18:10:15 [SpringApplicationShutdownHook] INFO  c.netflix.discovery.DiscoveryClient - Shutting down DiscoveryClient ...
2025-07-29 18:10:18 [SpringApplicationShutdownHook] INFO  c.netflix.discovery.DiscoveryClient - Unregistering ...
2025-07-29 18:10:18 [SpringApplicationShutdownHook] INFO  c.netflix.discovery.DiscoveryClient - DiscoveryClient_EMPLOYEE-SERVICE/host.docker.internal:employee-service:8081 - deregister  status: 200
2025-07-29 18:10:18 [SpringApplicationShutdownHook] INFO  c.netflix.discovery.DiscoveryClient - Completed shut down of DiscoveryClient
2025-07-29 18:10:21 [main] INFO  c.p.e.EmployeeServiceApplication - Starting EmployeeServiceApplication using Java 17.0.15 on ArnavPc with PID 10248 (C:\JavaProject\SpringProject\employee-service\target\classes started by Arnav Singh in C:\JavaProject\SpringProject\employee-service)
2025-07-29 18:10:21 [main] DEBUG c.p.e.EmployeeServiceApplication - Running with Spring Boot v2.7.18, Spring v5.3.31
2025-07-29 18:10:21 [main] INFO  c.p.e.EmployeeServiceApplication - No active profile set, falling back to 1 default profile: "default"
2025-07-29 18:10:22 [main] INFO  o.s.d.r.c.RepositoryConfigurationDelegate - Bootstrapping Spring Data JPA repositories in DEFAULT mode.
2025-07-29 18:10:22 [main] INFO  o.s.d.r.c.RepositoryConfigurationDelegate - Finished Spring Data repository scanning in 111 ms. Found 1 JPA repository interfaces.
2025-07-29 18:10:22 [main] INFO  o.s.cloud.context.scope.GenericScope - BeanFactory id=40960776-ece5-3d32-b0a7-d1b160420fdd
2025-07-29 18:10:23 [main] INFO  o.s.b.w.e.tomcat.TomcatWebServer - Tomcat initialized with port(s): 8081 (http)
2025-07-29 18:10:23 [main] INFO  o.a.catalina.core.StandardService - Starting service [Tomcat]
2025-07-29 18:10:23 [main] INFO  o.a.catalina.core.StandardEngine - Starting Servlet engine: [Apache Tomcat/9.0.83]
2025-07-29 18:10:23 [main] INFO  o.a.c.c.C.[Tomcat].[localhost].[/] - Initializing Spring embedded WebApplicationContext
2025-07-29 18:10:23 [main] INFO  o.s.b.w.s.c.ServletWebServerApplicationContext - Root WebApplicationContext: initialization completed in 1464 ms
2025-07-29 18:10:23 [main] INFO  com.zaxxer.hikari.HikariDataSource - OracleHikariCP - Starting...
2025-07-29 18:10:23 [main] INFO  com.zaxxer.hikari.HikariDataSource - OracleHikariCP - Start completed.
2025-07-29 18:10:23 [main] INFO  o.h.jpa.internal.util.LogHelper - HHH000204: Processing PersistenceUnitInfo [name: default]
2025-07-29 18:10:23 [main] INFO  org.hibernate.Version - HHH000412: Hibernate ORM core version 5.6.15.Final
2025-07-29 18:10:23 [main] INFO  o.h.annotations.common.Version - HCANN000001: Hibernate Commons Annotations {5.1.2.Final}
2025-07-29 18:10:24 [main] INFO  org.hibernate.dialect.Dialect - HHH000400: Using dialect: org.hibernate.dialect.OracleDialect
2025-07-29 18:10:24 [main] WARN  org.hibernate.dialect.Oracle9Dialect - HHH000063: The Oracle9Dialect dialect has been deprecated; use either Oracle9iDialect or Oracle10gDialect instead
2025-07-29 18:10:24 [main] WARN  org.hibernate.dialect.OracleDialect - HHH000064: The OracleDialect dialect has been deprecated; use Oracle8iDialect instead
2025-07-29 18:10:24 [main] INFO  o.h.e.t.j.p.i.JtaPlatformInitiator - HHH000490: Using JtaPlatform implementation: [org.hibernate.engine.transaction.jta.platform.internal.NoJtaPlatform]
2025-07-29 18:10:24 [main] INFO  o.s.o.j.LocalContainerEntityManagerFactoryBean - Initialized JPA EntityManagerFactory for persistence unit 'default'
2025-07-29 18:10:24 [main] WARN  o.s.b.a.o.j.JpaBaseConfiguration$JpaWebConfiguration - spring.jpa.open-in-view is enabled by default. Therefore, database queries may be performed during view rendering. Explicitly configure spring.jpa.open-in-view to disable this warning
2025-07-29 18:10:25 [main] INFO  o.s.c.n.e.c.DiscoveryClientOptionalArgsConfiguration - Eureka HTTP Client uses RestTemplate.
2025-07-29 18:10:25 [main] WARN  o.s.c.l.c.LoadBalancerCacheAutoConfiguration$LoadBalancerCaffeineWarnLogger - Spring Cloud LoadBalancer is currently working with the default cache. While this cache implementation is useful for development and tests, it's recommended to use Caffeine cache in production.You can switch to using Caffeine cache, by adding it and org.springframework.cache.caffeine.CaffeineCacheManager to the classpath.
2025-07-29 18:10:25 [main] INFO  o.s.c.n.eureka.InstanceInfoFactory - Setting initial instance status as: STARTING
2025-07-29 18:10:25 [main] INFO  c.netflix.discovery.DiscoveryClient - Initializing Eureka in region us-east-1
2025-07-29 18:10:25 [main] INFO  c.n.d.s.r.aws.ConfigClusterResolver - Resolving eureka endpoints via configuration
2025-07-29 18:10:25 [main] INFO  c.netflix.discovery.DiscoveryClient - Disable delta property : false
2025-07-29 18:10:25 [main] INFO  c.netflix.discovery.DiscoveryClient - Single vip registry refresh property : null
2025-07-29 18:10:25 [main] INFO  c.netflix.discovery.DiscoveryClient - Force full registry fetch : false
2025-07-29 18:10:25 [main] INFO  c.netflix.discovery.DiscoveryClient - Application is null : false
2025-07-29 18:10:25 [main] INFO  c.netflix.discovery.DiscoveryClient - Registered Applications size is zero : true
2025-07-29 18:10:25 [main] INFO  c.netflix.discovery.DiscoveryClient - Application version is -1: true
2025-07-29 18:10:25 [main] INFO  c.netflix.discovery.DiscoveryClient - Getting all instance registry info from the eureka server
2025-07-29 18:10:25 [main] INFO  c.netflix.discovery.DiscoveryClient - The response status is 200
2025-07-29 18:10:25 [main] INFO  c.netflix.discovery.DiscoveryClient - Starting heartbeat executor: renew interval is: 30
2025-07-29 18:10:25 [main] INFO  c.n.discovery.InstanceInfoReplicator - InstanceInfoReplicator onDemand update allowed rate per min is 4
2025-07-29 18:10:25 [main] INFO  c.netflix.discovery.DiscoveryClient - Discovery Client initialized at timestamp 1753783825937 with initial instances count: 2
2025-07-29 18:10:25 [main] INFO  o.s.c.n.e.s.EurekaServiceRegistry - Registering application EMPLOYEE-SERVICE with eureka with status UP
2025-07-29 18:10:25 [main] INFO  c.netflix.discovery.DiscoveryClient - Saw local status change event StatusChangeEvent [timestamp=1753783825940, current=UP, previous=STARTING]
2025-07-29 18:10:25 [DiscoveryClient-InstanceInfoReplicator-0] INFO  c.netflix.discovery.DiscoveryClient - DiscoveryClient_EMPLOYEE-SERVICE/host.docker.internal:employee-service:8081: registering service...
2025-07-29 18:10:25 [main] INFO  o.s.b.w.e.tomcat.TomcatWebServer - Tomcat started on port(s): 8081 (http) with context path ''
2025-07-29 18:10:25 [main] INFO  o.s.c.n.e.s.EurekaAutoServiceRegistration - Updating port to 8081
2025-07-29 18:10:25 [DiscoveryClient-InstanceInfoReplicator-0] INFO  c.netflix.discovery.DiscoveryClient - DiscoveryClient_EMPLOYEE-SERVICE/host.docker.internal:employee-service:8081 - registration status: 204
2025-07-29 18:10:26 [main] INFO  c.p.e.EmployeeServiceApplication - Started EmployeeServiceApplication in 4.879 seconds (JVM running for 5.273)
2025-07-29 18:10:43 [http-nio-8081-exec-1] INFO  o.a.c.c.C.[Tomcat].[localhost].[/] - Initializing Spring DispatcherServlet 'dispatcherServlet'
2025-07-29 18:10:43 [http-nio-8081-exec-1] INFO  o.s.web.servlet.DispatcherServlet - Initializing Servlet 'dispatcherServlet'
2025-07-29 18:10:43 [http-nio-8081-exec-1] INFO  o.s.web.servlet.DispatcherServlet - Completed initialization in 1 ms
2025-07-29 18:10:43 [http-nio-8081-exec-1] INFO  c.p.e.controller.HelloController - Receive request for id 5
2025-07-29 18:11:16 [http-nio-8081-exec-2] INFO  c.p.e.controller.HelloController - Receive request for id -5
2025-07-29 18:11:16 [http-nio-8081-exec-2] ERROR c.p.e.controller.HelloController - Invalid Id -5
2025-07-29 18:11:16 [http-nio-8081-exec-2] WARN  c.p.e.e.GlobalExceptionHandler - Resource not found: ID must be positive.
2025-07-29 18:11:16 [http-nio-8081-exec-2] WARN  c.p.e.e.GlobalExceptionHandler - Resource not found: ID must be positive.
2025-07-29 18:12:08 [SpringApplicationShutdownHook] INFO  o.s.c.n.e.s.EurekaServiceRegistry - Unregistering application EMPLOYEE-SERVICE with eureka with status DOWN
2025-07-29 18:12:08 [SpringApplicationShutdownHook] INFO  c.netflix.discovery.DiscoveryClient - Saw local status change event StatusChangeEvent [timestamp=1753783928094, current=DOWN, previous=UP]
2025-07-29 18:12:08 [DiscoveryClient-InstanceInfoReplicator-0] INFO  c.netflix.discovery.DiscoveryClient - DiscoveryClient_EMPLOYEE-SERVICE/host.docker.internal:employee-service:8081: registering service...
2025-07-29 18:12:08 [DiscoveryClient-InstanceInfoReplicator-0] INFO  c.netflix.discovery.DiscoveryClient - DiscoveryClient_EMPLOYEE-SERVICE/host.docker.internal:employee-service:8081 - registration status: 204
2025-07-29 18:12:08 [SpringApplicationShutdownHook] INFO  o.s.o.j.LocalContainerEntityManagerFactoryBean - Closing JPA EntityManagerFactory for persistence unit 'default'
2025-07-29 18:12:08 [SpringApplicationShutdownHook] INFO  com.zaxxer.hikari.HikariDataSource - OracleHikariCP - Shutdown initiated...
2025-07-29 18:12:08 [SpringApplicationShutdownHook] INFO  com.zaxxer.hikari.HikariDataSource - OracleHikariCP - Shutdown completed.
2025-07-29 18:12:08 [SpringApplicationShutdownHook] INFO  c.netflix.discovery.DiscoveryClient - Shutting down DiscoveryClient ...
2025-07-29 18:12:11 [SpringApplicationShutdownHook] INFO  c.netflix.discovery.DiscoveryClient - Unregistering ...
2025-07-29 18:12:11 [SpringApplicationShutdownHook] INFO  c.netflix.discovery.DiscoveryClient - DiscoveryClient_EMPLOYEE-SERVICE/host.docker.internal:employee-service:8081 - deregister  status: 200
2025-07-29 18:12:11 [SpringApplicationShutdownHook] INFO  c.netflix.discovery.DiscoveryClient - Completed shut down of DiscoveryClient
2025-07-29 18:12:13 [main] INFO  c.p.e.EmployeeServiceApplication - Starting EmployeeServiceApplication using Java 17.0.15 on ArnavPc with PID 26248 (C:\JavaProject\SpringProject\employee-service\target\classes started by Arnav Singh in C:\JavaProject\SpringProject\employee-service)
2025-07-29 18:12:13 [main] INFO  c.p.e.EmployeeServiceApplication - No active profile set, falling back to 1 default profile: "default"
2025-07-29 18:12:14 [main] INFO  o.s.d.r.c.RepositoryConfigurationDelegate - Bootstrapping Spring Data JPA repositories in DEFAULT mode.
2025-07-29 18:12:14 [main] INFO  o.s.d.r.c.RepositoryConfigurationDelegate - Finished Spring Data repository scanning in 118 ms. Found 1 JPA repository interfaces.
2025-07-29 18:12:14 [main] INFO  o.s.cloud.context.scope.GenericScope - BeanFactory id=40960776-ece5-3d32-b0a7-d1b160420fdd
2025-07-29 18:12:14 [main] INFO  o.s.b.w.e.tomcat.TomcatWebServer - Tomcat initialized with port(s): 8081 (http)
2025-07-29 18:12:14 [main] INFO  o.a.catalina.core.StandardService - Starting service [Tomcat]
2025-07-29 18:12:14 [main] INFO  o.a.catalina.core.StandardEngine - Starting Servlet engine: [Apache Tomcat/9.0.83]
2025-07-29 18:12:14 [main] INFO  o.a.c.c.C.[Tomcat].[localhost].[/] - Initializing Spring embedded WebApplicationContext
2025-07-29 18:12:14 [main] INFO  o.s.b.w.s.c.ServletWebServerApplicationContext - Root WebApplicationContext: initialization completed in 1443 ms
2025-07-29 18:12:15 [main] INFO  com.zaxxer.hikari.HikariDataSource - OracleHikariCP - Starting...
2025-07-29 18:12:15 [main] INFO  com.zaxxer.hikari.HikariDataSource - OracleHikariCP - Start completed.
2025-07-29 18:12:15 [main] INFO  o.h.jpa.internal.util.LogHelper - HHH000204: Processing PersistenceUnitInfo [name: default]
2025-07-29 18:12:15 [main] INFO  org.hibernate.Version - HHH000412: Hibernate ORM core version 5.6.15.Final
2025-07-29 18:12:15 [main] INFO  o.h.annotations.common.Version - HCANN000001: Hibernate Commons Annotations {5.1.2.Final}
2025-07-29 18:12:15 [main] INFO  org.hibernate.dialect.Dialect - HHH000400: Using dialect: org.hibernate.dialect.OracleDialect
2025-07-29 18:12:15 [main] WARN  org.hibernate.dialect.Oracle9Dialect - HHH000063: The Oracle9Dialect dialect has been deprecated; use either Oracle9iDialect or Oracle10gDialect instead
2025-07-29 18:12:15 [main] WARN  org.hibernate.dialect.OracleDialect - HHH000064: The OracleDialect dialect has been deprecated; use Oracle8iDialect instead
2025-07-29 18:12:16 [main] INFO  o.h.e.t.j.p.i.JtaPlatformInitiator - HHH000490: Using JtaPlatform implementation: [org.hibernate.engine.transaction.jta.platform.internal.NoJtaPlatform]
2025-07-29 18:12:16 [main] INFO  o.s.o.j.LocalContainerEntityManagerFactoryBean - Initialized JPA EntityManagerFactory for persistence unit 'default'
2025-07-29 18:12:16 [main] WARN  o.s.b.a.o.j.JpaBaseConfiguration$JpaWebConfiguration - spring.jpa.open-in-view is enabled by default. Therefore, database queries may be performed during view rendering. Explicitly configure spring.jpa.open-in-view to disable this warning
2025-07-29 18:12:17 [main] INFO  o.s.c.n.e.c.DiscoveryClientOptionalArgsConfiguration - Eureka HTTP Client uses RestTemplate.
2025-07-29 18:12:17 [main] WARN  o.s.c.l.c.LoadBalancerCacheAutoConfiguration$LoadBalancerCaffeineWarnLogger - Spring Cloud LoadBalancer is currently working with the default cache. While this cache implementation is useful for development and tests, it's recommended to use Caffeine cache in production.You can switch to using Caffeine cache, by adding it and org.springframework.cache.caffeine.CaffeineCacheManager to the classpath.
2025-07-29 18:12:17 [main] INFO  o.s.c.n.eureka.InstanceInfoFactory - Setting initial instance status as: STARTING
2025-07-29 18:12:17 [main] INFO  c.netflix.discovery.DiscoveryClient - Initializing Eureka in region us-east-1
2025-07-29 18:12:17 [main] INFO  c.n.d.s.r.aws.ConfigClusterResolver - Resolving eureka endpoints via configuration
2025-07-29 18:12:17 [main] INFO  c.netflix.discovery.DiscoveryClient - Disable delta property : false
2025-07-29 18:12:17 [main] INFO  c.netflix.discovery.DiscoveryClient - Single vip registry refresh property : null
2025-07-29 18:12:17 [main] INFO  c.netflix.discovery.DiscoveryClient - Force full registry fetch : false
2025-07-29 18:12:17 [main] INFO  c.netflix.discovery.DiscoveryClient - Application is null : false
2025-07-29 18:12:17 [main] INFO  c.netflix.discovery.DiscoveryClient - Registered Applications size is zero : true
2025-07-29 18:12:17 [main] INFO  c.netflix.discovery.DiscoveryClient - Application version is -1: true
2025-07-29 18:12:17 [main] INFO  c.netflix.discovery.DiscoveryClient - Getting all instance registry info from the eureka server
2025-07-29 18:12:17 [main] INFO  c.netflix.discovery.DiscoveryClient - The response status is 200
2025-07-29 18:12:17 [main] INFO  c.netflix.discovery.DiscoveryClient - Starting heartbeat executor: renew interval is: 30
2025-07-29 18:12:17 [main] INFO  c.n.discovery.InstanceInfoReplicator - InstanceInfoReplicator onDemand update allowed rate per min is 4
2025-07-29 18:12:17 [main] INFO  c.netflix.discovery.DiscoveryClient - Discovery Client initialized at timestamp 1753783937630 with initial instances count: 2
2025-07-29 18:12:17 [main] INFO  o.s.c.n.e.s.EurekaServiceRegistry - Registering application EMPLOYEE-SERVICE with eureka with status UP
2025-07-29 18:12:17 [main] INFO  c.netflix.discovery.DiscoveryClient - Saw local status change event StatusChangeEvent [timestamp=1753783937633, current=UP, previous=STARTING]
2025-07-29 18:12:17 [DiscoveryClient-InstanceInfoReplicator-0] INFO  c.netflix.discovery.DiscoveryClient - DiscoveryClient_EMPLOYEE-SERVICE/host.docker.internal:employee-service:8081: registering service...
2025-07-29 18:12:17 [main] INFO  o.s.b.w.e.tomcat.TomcatWebServer - Tomcat started on port(s): 8081 (http) with context path ''
2025-07-29 18:12:17 [main] INFO  o.s.c.n.e.s.EurekaAutoServiceRegistration - Updating port to 8081
2025-07-29 18:12:17 [DiscoveryClient-InstanceInfoReplicator-0] INFO  c.netflix.discovery.DiscoveryClient - DiscoveryClient_EMPLOYEE-SERVICE/host.docker.internal:employee-service:8081 - registration status: 204
2025-07-29 18:12:17 [main] INFO  c.p.e.EmployeeServiceApplication - Started EmployeeServiceApplication in 4.866 seconds (JVM running for 5.241)
2025-07-29 18:12:22 [http-nio-8081-exec-2] INFO  o.a.c.c.C.[Tomcat].[localhost].[/] - Initializing Spring DispatcherServlet 'dispatcherServlet'
2025-07-29 18:12:22 [http-nio-8081-exec-2] INFO  o.s.web.servlet.DispatcherServlet - Initializing Servlet 'dispatcherServlet'
2025-07-29 18:12:22 [http-nio-8081-exec-2] INFO  o.s.web.servlet.DispatcherServlet - Completed initialization in 0 ms
2025-07-29 18:12:22 [http-nio-8081-exec-2] INFO  c.p.e.controller.HelloController - Receive request for id 5
2025-07-29 18:12:39 [http-nio-8081-exec-1] INFO  c.p.e.controller.HelloController - Receive request for id -6
2025-07-29 18:12:39 [http-nio-8081-exec-1] ERROR c.p.e.controller.HelloController - Invalid Id -6
2025-07-29 18:12:39 [http-nio-8081-exec-1] WARN  c.p.e.e.GlobalExceptionHandler - Resource not found: ID must be positive.
2025-07-29 18:12:39 [http-nio-8081-exec-1] WARN  c.p.e.e.GlobalExceptionHandler - Resource not found: ID must be positive.
2025-07-29 18:15:56 [SpringApplicationShutdownHook] INFO  o.s.c.n.e.s.EurekaServiceRegistry - Unregistering application EMPLOYEE-SERVICE with eureka with status DOWN
2025-07-29 18:15:56 [SpringApplicationShutdownHook] INFO  c.netflix.discovery.DiscoveryClient - Saw local status change event StatusChangeEvent [timestamp=1753784156193, current=DOWN, previous=UP]
2025-07-29 18:15:56 [DiscoveryClient-InstanceInfoReplicator-0] INFO  c.netflix.discovery.DiscoveryClient - DiscoveryClient_EMPLOYEE-SERVICE/host.docker.internal:employee-service:8081: registering service...
2025-07-29 18:15:56 [DiscoveryClient-InstanceInfoReplicator-0] INFO  c.netflix.discovery.DiscoveryClient - DiscoveryClient_EMPLOYEE-SERVICE/host.docker.internal:employee-service:8081 - registration status: 204
2025-07-29 18:15:56 [SpringApplicationShutdownHook] INFO  o.s.o.j.LocalContainerEntityManagerFactoryBean - Closing JPA EntityManagerFactory for persistence unit 'default'
2025-07-29 18:15:56 [SpringApplicationShutdownHook] INFO  com.zaxxer.hikari.HikariDataSource - OracleHikariCP - Shutdown initiated...
2025-07-29 18:15:56 [SpringApplicationShutdownHook] INFO  com.zaxxer.hikari.HikariDataSource - OracleHikariCP - Shutdown completed.
2025-07-29 18:15:56 [SpringApplicationShutdownHook] INFO  c.netflix.discovery.DiscoveryClient - Shutting down DiscoveryClient ...
2025-07-29 18:15:59 [SpringApplicationShutdownHook] INFO  c.netflix.discovery.DiscoveryClient - Unregistering ...
2025-07-29 18:15:59 [SpringApplicationShutdownHook] INFO  c.netflix.discovery.DiscoveryClient - DiscoveryClient_EMPLOYEE-SERVICE/host.docker.internal:employee-service:8081 - deregister  status: 200
2025-07-29 18:15:59 [SpringApplicationShutdownHook] INFO  c.netflix.discovery.DiscoveryClient - Completed shut down of DiscoveryClient
